<?xml version="1.0" encoding="UTF-8" standalone="no"?>
<testsuite failures="0" name="cucumber.runtime.formatter.JUnitFormatter" skipped="0" tests="1" time="0.001677">
    <testcase classname="To validate the logoin functionality of facebook application" name="To validate the login by using valid username and valid password" time="0.001677">
        <system-out>
            <![CDATA[Given User have to enter the facebook application through chrome browser....skipped
When User have to enter the valid username and valid password...............skipped
And User have to click the login button.....................................skipped
Then User reach the valid or invalid credential page........................skipped
]]>
        </system-out>
    </testcase>
</testsuite>
